
============== System information ====
+ lsb_release -a
./setup.sh: line 19: lsb_release: command not found
+ uname -a
Linux maizego 2.6.32-431.3.1.el6.centos.plus.x86_64 #1 SMP Fri Jan 3 19:15:22 UTC 2014 x86_64 x86_64 x86_64 GNU/Linux
+ sw_vers
./setup.sh: line 21: sw_vers: command not found
+ system_profiler
./setup.sh: line 22: system_profiler: command not found
+ grep MemTotal /proc/meminfo
MemTotal:       148692156 kB
+ echo

+ echo

+ bin/cpanm -v --notest -l extlib/ --installdeps .
cpanm (App::cpanminus) 1.7039 on perl 5.014001 built for x86_64-linux
Work directory is /home/hr/.cpanm/work/1493883914.31992
You have make /usr/bin/make
You have LWP 6.18
You have /bin/tar: tar (GNU tar) 1.23
Copyright (C) 2010 Free Software Foundation, Inc.
License GPLv3+: GNU GPL version 3 or later <http://gnu.org/licenses/gpl.html>.
This is free software: you are free to change and redistribute it.
There is NO WARRANTY, to the extent permitted by law.

Written by John Gilmore and Jay Fenlason.
You have /usr/bin/unzip
Entering /home/hr/Desktop/LuoJY/DB/JBrowse-1.12.1
Running Makefile.PL
--> Working on .
Configuring /home/hr/Desktop/LuoJY/DB/JBrowse-1.12.1 ... Can't parse version 'dev'
Can't parse version 'dev'
Generating a Unix-style Makefile
Writing Makefile for JBrowse
Writing MYMETA.yml and MYMETA.json
Checking dependencies from MYMETA.json ...
Checking if you have Capture::Tiny 0 ... Yes (0.44)
Checking if you have Pod::Usage 0 ... Yes (1.36)
Checking if you have Storable 0 ... Yes (2.51)
Checking if you have JSON::XS 0 ... Yes (3.02)
Checking if you have List::Util 0 ... Yes (1.23)
Checking if you have PerlIO::gzip 0 ... Yes (0.19)
Checking if you have Digest::Crc32 0 ... Yes (0.01)
Checking if you have File::Path 2 ... Yes (2.08_01)
Checking if you have local::lib 0 ... Yes (2.000019)
Checking if you have List::MoreUtils 0.28 ... Yes (0.416)
Checking if you have Bio::FeatureIO 0 ... Yes (1.6.905)
Checking if you have DBI 0 ... Yes (1.636)
Checking if you have Getopt::Long 0 ... Yes (2.38)
Checking if you have warnings 0 ... Yes (1.12)
Checking if you have base 0 ... Yes (2.16)
Checking if you have IO::File 0 ... Yes (1.15)
Checking if you have Bio::Index::Fasta 0 ... Yes (undef)
Checking if you have Data::Dumper 0 ... Yes (2.161)
Checking if you have DB_File 0 ... Yes (1.838)
Checking if you have Bio::Root::Version 1.006000 ... Yes (1.006924)
Checking if you have Bio::Annotation::SimpleValue 0 ... Yes (undef)
Checking if you have vars 0 ... Yes (1.02)
Checking if you have Parse::RecDescent 0 ... Yes (1.967013)
Checking if you have Test::More 0 ... Yes (1.302052)
Checking if you have strict 0 ... Yes (1.04)
Checking if you have File::Temp 0 ... Yes (0.2304)
Checking if you have File::Copy::Recursive 0 ... Yes (0.38)
Checking if you have Scalar::Util 0 ... Yes (1.23)
Checking if you have DBD::SQLite 0 ... Yes (1.50)
Checking if you have URI::Escape 0 ... Yes (3.31)
Checking if you have FindBin 0 ... Yes (1.50)
Checking if you have Fcntl 0 ... Yes (1.11)
Checking if you have File::Spec 0 ... Yes (3.62)
Checking if you have Heap::Simple::XS 0 ... Yes (0.10)
Checking if you have Heap::Simple 0 ... Yes (0.13)
Checking if you have POSIX 0 ... Yes (1.24)
Checking if you have Devel::Size 0 ... Yes (0.80)
Checking if you have File::Spec::Functions 0 ... Yes (3.62)
Checking if you have Bio::SeqFeature::Lite 0 ... Yes (undef)
Checking if you have Bio::GFF3::LowLevel::Parser 1.8 ... Yes (2.0)
Checking if you have IO::Uncompress::Gunzip 0 ... Yes (2.070)
Checking if you have Hash::Merge 0 ... Yes (0.200)
Checking if you have constant 0 ... Yes (1.21)
Checking if you have Bio::OntologyIO 0 ... Yes (undef)
Checking if you have Exporter 0 ... Yes (5.64_03)
Checking if you have Bio::SeqFeature::Annotated 0 ... Yes (1.6.905)
Checking if you have Carp 0 ... Yes (1.38)
Checking if you have Test::Warn 0 ... Yes (0.30)
Checking if you have File::Next 0 ... Yes (1.16)
Checking if you have JSON 2 ... Yes (2.90)
Checking if you have File::Basename 0 ... Yes (2.82)
Checking if you have Cwd 0 ... Yes (3.62)
Expiring 5 work directories.
OK
<== Installed dependencies for .. Finishing.
+ bin/cpanm -v --notest -l extlib/ --installdeps .
cpanm (App::cpanminus) 1.7039 on perl 5.014001 built for x86_64-linux
Work directory is /home/hr/.cpanm/work/1493883919.32002
You have make /usr/bin/make
You have LWP 6.18
You have /bin/tar: tar (GNU tar) 1.23
Copyright (C) 2010 Free Software Foundation, Inc.
License GPLv3+: GNU GPL version 3 or later <http://gnu.org/licenses/gpl.html>.
This is free software: you are free to change and redistribute it.
There is NO WARRANTY, to the extent permitted by law.

Written by John Gilmore and Jay Fenlason.
You have /usr/bin/unzip
Entering /home/hr/Desktop/LuoJY/DB/JBrowse-1.12.1
Running Makefile.PL
--> Working on .
Configuring /home/hr/Desktop/LuoJY/DB/JBrowse-1.12.1 ... Can't parse version 'dev'
Can't parse version 'dev'
Generating a Unix-style Makefile
Writing Makefile for JBrowse
Writing MYMETA.yml and MYMETA.json
Checking dependencies from MYMETA.json ...
Checking if you have Capture::Tiny 0 ... Yes (0.44)
Checking if you have Pod::Usage 0 ... Yes (1.36)
Checking if you have Storable 0 ... Yes (2.51)
Checking if you have JSON::XS 0 ... Yes (3.02)
Checking if you have List::Util 0 ... Yes (1.23)
Checking if you have PerlIO::gzip 0 ... Yes (0.19)
Checking if you have Digest::Crc32 0 ... Yes (0.01)
Checking if you have File::Path 2 ... Yes (2.08_01)
Checking if you have local::lib 0 ... Yes (2.000019)
Checking if you have List::MoreUtils 0.28 ... Yes (0.416)
Checking if you have Bio::FeatureIO 0 ... Yes (1.6.905)
Checking if you have DBI 0 ... Yes (1.636)
Checking if you have Getopt::Long 0 ... Yes (2.38)
Checking if you have warnings 0 ... Yes (1.12)
Checking if you have base 0 ... Yes (2.16)
Checking if you have IO::File 0 ... Yes (1.15)
Checking if you have Bio::Index::Fasta 0 ... Yes (undef)
Checking if you have Data::Dumper 0 ... Yes (2.161)
Checking if you have DB_File 0 ... Yes (1.838)
Checking if you have Bio::Root::Version 1.006000 ... Yes (1.006924)
Checking if you have Bio::Annotation::SimpleValue 0 ... Yes (undef)
Checking if you have vars 0 ... Yes (1.02)
Checking if you have Parse::RecDescent 0 ... Yes (1.967013)
Checking if you have Test::More 0 ... Yes (1.302052)
Checking if you have strict 0 ... Yes (1.04)
Checking if you have File::Temp 0 ... Yes (0.2304)
Checking if you have File::Copy::Recursive 0 ... Yes (0.38)
Checking if you have Scalar::Util 0 ... Yes (1.23)
Checking if you have DBD::SQLite 0 ... Yes (1.50)
Checking if you have URI::Escape 0 ... Yes (3.31)
Checking if you have FindBin 0 ... Yes (1.50)
Checking if you have Fcntl 0 ... Yes (1.11)
Checking if you have File::Spec 0 ... Yes (3.62)
Checking if you have Heap::Simple::XS 0 ... Yes (0.10)
Checking if you have Heap::Simple 0 ... Yes (0.13)
Checking if you have POSIX 0 ... Yes (1.24)
Checking if you have Devel::Size 0 ... Yes (0.80)
Checking if you have File::Spec::Functions 0 ... Yes (3.62)
Checking if you have Bio::SeqFeature::Lite 0 ... Yes (undef)
Checking if you have Bio::GFF3::LowLevel::Parser 1.8 ... Yes (2.0)
Checking if you have IO::Uncompress::Gunzip 0 ... Yes (2.070)
Checking if you have Hash::Merge 0 ... Yes (0.200)
Checking if you have constant 0 ... Yes (1.21)
Checking if you have Bio::OntologyIO 0 ... Yes (undef)
Checking if you have Exporter 0 ... Yes (5.64_03)
Checking if you have Bio::SeqFeature::Annotated 0 ... Yes (1.6.905)
Checking if you have Carp 0 ... Yes (1.38)
Checking if you have Test::Warn 0 ... Yes (0.30)
Checking if you have File::Next 0 ... Yes (1.16)
Checking if you have JSON 2 ... Yes (2.90)
Checking if you have File::Basename 0 ... Yes (2.82)
Checking if you have Cwd 0 ... Yes (3.62)
OK
<== Installed dependencies for .. Finishing.
+ set -e
+ bin/cpanm -v --notest -l extlib/ --installdeps .
cpanm (App::cpanminus) 1.7039 on perl 5.014001 built for x86_64-linux
Work directory is /home/hr/.cpanm/work/1493883921.32011
You have make /usr/bin/make
You have LWP 6.18
You have /bin/tar: tar (GNU tar) 1.23
Copyright (C) 2010 Free Software Foundation, Inc.
License GPLv3+: GNU GPL version 3 or later <http://gnu.org/licenses/gpl.html>.
This is free software: you are free to change and redistribute it.
There is NO WARRANTY, to the extent permitted by law.

Written by John Gilmore and Jay Fenlason.
You have /usr/bin/unzip
Entering /home/hr/Desktop/LuoJY/DB/JBrowse-1.12.1
Running Makefile.PL
--> Working on .
Configuring /home/hr/Desktop/LuoJY/DB/JBrowse-1.12.1 ... Can't parse version 'dev'
Can't parse version 'dev'
Generating a Unix-style Makefile
Writing Makefile for JBrowse
Writing MYMETA.yml and MYMETA.json
Checking dependencies from MYMETA.json ...
Checking if you have Capture::Tiny 0 ... Yes (0.44)
Checking if you have Pod::Usage 0 ... Yes (1.36)
Checking if you have Storable 0 ... Yes (2.51)
Checking if you have JSON::XS 0 ... Yes (3.02)
Checking if you have List::Util 0 ... Yes (1.23)
Checking if you have PerlIO::gzip 0 ... Yes (0.19)
Checking if you have Digest::Crc32 0 ... Yes (0.01)
Checking if you have File::Path 2 ... Yes (2.08_01)
Checking if you have local::lib 0 ... Yes (2.000019)
Checking if you have List::MoreUtils 0.28 ... Yes (0.416)
Checking if you have Bio::FeatureIO 0 ... Yes (1.6.905)
Checking if you have DBI 0 ... Yes (1.636)
Checking if you have Getopt::Long 0 ... Yes (2.38)
Checking if you have warnings 0 ... Yes (1.12)
Checking if you have base 0 ... Yes (2.16)
Checking if you have IO::File 0 ... Yes (1.15)
Checking if you have Bio::Index::Fasta 0 ... Yes (undef)
Checking if you have Data::Dumper 0 ... Yes (2.161)
Checking if you have DB_File 0 ... Yes (1.838)
Checking if you have Bio::Root::Version 1.006000 ... Yes (1.006924)
Checking if you have Bio::Annotation::SimpleValue 0 ... Yes (undef)
Checking if you have vars 0 ... Yes (1.02)
Checking if you have Parse::RecDescent 0 ... Yes (1.967013)
Checking if you have Test::More 0 ... Yes (1.302052)
Checking if you have strict 0 ... Yes (1.04)
Checking if you have File::Temp 0 ... Yes (0.2304)
Checking if you have File::Copy::Recursive 0 ... Yes (0.38)
Checking if you have Scalar::Util 0 ... Yes (1.23)
Checking if you have DBD::SQLite 0 ... Yes (1.50)
Checking if you have URI::Escape 0 ... Yes (3.31)
Checking if you have FindBin 0 ... Yes (1.50)
Checking if you have Fcntl 0 ... Yes (1.11)
Checking if you have File::Spec 0 ... Yes (3.62)
Checking if you have Heap::Simple::XS 0 ... Yes (0.10)
Checking if you have Heap::Simple 0 ... Yes (0.13)
Checking if you have POSIX 0 ... Yes (1.24)
Checking if you have Devel::Size 0 ... Yes (0.80)
Checking if you have File::Spec::Functions 0 ... Yes (3.62)
Checking if you have Bio::SeqFeature::Lite 0 ... Yes (undef)
Checking if you have Bio::GFF3::LowLevel::Parser 1.8 ... Yes (2.0)
Checking if you have IO::Uncompress::Gunzip 0 ... Yes (2.070)
Checking if you have Hash::Merge 0 ... Yes (0.200)
Checking if you have constant 0 ... Yes (1.21)
Checking if you have Bio::OntologyIO 0 ... Yes (undef)
Checking if you have Exporter 0 ... Yes (5.64_03)
Checking if you have Bio::SeqFeature::Annotated 0 ... Yes (1.6.905)
Checking if you have Carp 0 ... Yes (1.38)
Checking if you have Test::Warn 0 ... Yes (0.30)
Checking if you have File::Next 0 ... Yes (1.16)
Checking if you have JSON 2 ... Yes (2.90)
Checking if you have File::Basename 0 ... Yes (2.82)
Checking if you have Cwd 0 ... Yes (3.62)
OK
<== Installed dependencies for .. Finishing.
+ rm -rf sample_data/json/volvox
+ bin/prepare-refseqs.pl --fasta docs/tutorial/data_files/volvox.fa --out sample_data/json/volvox
+ bin/biodb-to-json.pl -v --conf docs/tutorial/conf_files/volvox.json --out sample_data/json/volvox

working on refseq ctgA
working on track ExampleFeatures
mergedTrackCfg: $VAR1 = {
          'feature' => [
                         'remark'
                       ],
          'autocomplete' => 'all',
          'track' => 'ExampleFeatures',
          'style' => {
                       'className' => 'feature2'
                     },
          'compress' => 0,
          'category' => 'Miscellaneous',
          'key' => 'HTMLFeatures - Example Features'
        };
searching for features of type: remark
working on track NameTest
mergedTrackCfg: $VAR1 = {
          'feature' => [
                         'protein_coding_primary_transcript',
                         'polypeptide'
                       ],
          'autocomplete' => 'all',
          'track' => 'NameTest',
          'style' => {
                       'className' => 'feature2'
                     },
          'compress' => 0,
          'category' => 'Miscellaneous',
          'key' => 'HTMLFeatures - Name test track has a really long track label'
        };
searching for features of type: protein_coding_primary_transcript, polypeptide
working on track snps
mergedTrackCfg: $VAR1 = {
          'feature' => [
                         'SNP'
                       ],
          'autocomplete' => 'all',
          'track' => 'snps',
          'style' => {
                       'className' => 'triangle hgred'
                     },
          'compress' => 0,
          'category' => 'Miscellaneous',
          'key' => 'HTMLFeatures - SNPs'
        };
searching for features of type: SNP
working on track Motifs
mergedTrackCfg: $VAR1 = {
          'autocomplete' => 'all',
          'track' => 'Motifs',
          'style' => {
                       'className' => 'feature3',
                       'label' => 'function(feature) { return feature.get(\'Name\')+\' (via JS callback)\' }',
                       'description' => 'function(feature) { return feature.get(\'Name\')+\': \'+feature.get(\'Note\'); }'
                     },
          'description' => 1,
          'key' => 'HTMLFeatures - Example motifs',
          'feature' => [
                         'polypeptide_domain'
                       ],
          'compress' => 0,
          'category' => 'Miscellaneous'
        };
searching for features of type: polypeptide_domain
working on track malformed_alignments
mergedTrackCfg: $VAR1 = {
          'autocomplete' => 'all',
          'track' => 'malformed_alignments',
          'style' => {
                       'className' => 'feature4'
                     },
          'menuTemplate' => [
                              {
                                'children' => [
                                                {
                                                  'children' => [
                                                                  {
                                                                    'iconClass' => 'dijitIconBookmark',
                                                                    'url' => 'http://wiki.trin.org.au/{name}-{start}-{end}',
                                                                    'action' => 'newWindow',
                                                                    'label' => 'Query trin for {name}'
                                                                  },
                                                                  {
                                                                    'iconClass' => 'dijitIconSearch',
                                                                    'url' => 'http://example.com/{name}-{start}-{end}',
                                                                    'label' => 'Query example.com for {name}'
                                                                  }
                                                                ],
                                                  'label' => 'Check gene on databases'
                                                },
                                                {
                                                  'label' => '2nd child of demo'
                                                },
                                                {
                                                  'label' => '3rd child: this is a track'
                                                }
                                              ],
                                'label' => 'Item with submenu'
                              },
                              {
                                'iconClass' => 'dijitIconDatabase',
                                'url' => 'http://www.example.com?featurename={name}',
                                'action' => 'iframeDialog',
                                'title' => 'The magnificent example.com (feature {name})',
                                'label' => 'Open example.com in an iframe popup'
                              },
                              {
                                'iconClass' => 'dijitIconDatabase',
                                'url' => 'sample_data/test_snippet.html?featurename={name}:{start}-{end}',
                                'action' => 'xhrDialog',
                                'title' => 'function(track,feature,div) { return \'Random XHR HTML \'+Math.random()+\' title!\'; }',
                                'label' => 'Open popup with XHR HTML snippet (btw this is feature {name})'
                              },
                              {
                                'iconClass' => 'dijitIconDatabase',
                                'content' => 'function(track,feature,div) { return \'<h2>\'+feature.get(\'name\')+\'</h2><p>This is some test content!</p><p>This message brought to you by the number <span style="font-size: 300%">\'+Math.round(Math.random()*100)+\'</span>.</p>\';} ',
                                'action' => 'contentDialog',
                                'title' => 'function(track,feature,div) { return \'Random content snippet \'+Math.random()+\' title!\'; }',
                                'label' => 'Popup with content snippet from a function (feature {name})'
                              },
                              {
                                'iconClass' => 'dijitIconDatabase',
                                'content' => '<h2>{name}</h2><p>This is some test content about {name}, which goes from {start} to {end} on the {strand} strand.</p>',
                                'action' => 'contentDialog',
                                'title' => '{randomNumberTitle}',
                                'label' => 'Popup with content snippet from string (feature {name})'
                              },
                              {
                                'iconClass' => 'dijitIconDatabase',
                                'action' => '{exampleFeatureClick}',
                                'label' => '{randomNumberLabel}'
                              }
                            ],
          'hooks' => {
                       'modify' => 'function( track, feature, div ) { div.style.backgroundColor = [\'green\',\'blue\',\'red\',\'orange\',\'purple\'][Math.round(Math.random()*5)];}'
                     },
          'key' => 'HTMLFeatures - Features with right-click menus',
          'feature' => [
                         'match'
                       ],
          'shortDescription' => 'Features with customized right-click menus',
          'compress' => 0,
          'metadata' => {
                          'category' => 'Miscellaneous',
                          'Description' => 'Features with extensively customized right-click menus, and with their colors set at random by a JavaScript callback.'
                        }
        };
searching for features of type: match
working on track Genes
mergedTrackCfg: $VAR1 = {
          'fmtDetailValue_Name' => 'function(name,feature) { if(feature.get(\'type\')==\'gene\') { return name + \' <a href=http://www.ncbi.nlm.nih.gov/gquery/?term=\'+name+\'>[NCBI custom link]</a>\'; } else { return name; } }',
          'fmtMetaDescription_Name' => 'function(name) { return \'[Custom description]\'; }',
          'fmtMetaValue_Name' => 'function(name) { return name+\' [Track with custom callbacks for About track popup]\'; }',
          'key' => 'CanvasFeatures - Protein-coding genes',
          'onClick' => {
                         'action' => 'defaultDialog',
                         'title' => '{type} {name}',
                         'label' => '<div style=\'font:normal 12px Univers,Helvetica,Arial,sans-serif\'><div style=\'font-weight:bold\'>Custom tooltip</div><div style=\'color:blue;\'>Feature name: {name}<br />Feature start: {start}<br />Feature end: {end}</div></div>'
                       },
          'feature' => [
                         'gene'
                       ],
          'fmtDetailField_Name' => 'function(name,feature) { if(feature.get(\'type\')==\'gene\') { return \'Gene Name\'; } else { return name; } }',
          'fmtMetaField_Name' => 'function(name) { return \'Track Name\'; }',
          'fmtDetailField_Load_id' => 'function(name,feature) { /* remove field from dialog box */ return null; }',
          'category' => 'Transcripts',
          'autocomplete' => 'all',
          'track' => 'Genes',
          'style' => {
                       'className' => 'feature5'
                     },
          'menuTemplate' => [
                              {
                                'label' => 'View details'
                              },
                              {
                                'label' => 'Zoom this gene'
                              },
                              {
                                'label' => 'Highlight this gene'
                              },
                              {
                                'iconClass' => 'dijitIconDatabase',
                                'content' => '<h2>{name}</h2>This is some test content about {type} {name}, which goes from {start} to {end} on the {strand} strand.',
                                'action' => 'contentDialog',
                                'title' => '{randomNumberTitle}',
                                'label' => 'Popup with content snippet from string (feature {name})'
                              }
                            ],
          'trackType' => 'JBrowse/View/Track/CanvasFeatures',
          'compress' => 0
        };
searching for features of type: gene
working on track ReadingFrame
mergedTrackCfg: $VAR1 = {
          'autocomplete' => 'all',
          'track' => 'ReadingFrame',
          'style' => {
                       'className' => 'cds'
                     },
          'key' => 'HTMLFeatures - mRNAs',
          'onClick' => {
                         'url' => 'http://www.ncbi.nlm.nih.gov/gquery/?term={name}',
                         'title' => 'NCBI search box',
                         'label' => 'Search for {name} at NCBI
Feature start {start}
Feature end {end}'
                       },
          'feature' => [
                         'mRNA'
                       ],
          'phase' => 1,
          'compress' => 0,
          'category' => 'Transcripts'
        };
searching for features of type: mRNA
working on track CDS
mergedTrackCfg: $VAR1 = {
          'autocomplete' => 'all',
          'track' => 'CDS',
          'style' => {
                       'className' => 'cds',
                       'linkTemplate' => 'http://www.ncbi.nlm.nih.gov/gquery/?term={name}-{start}-{end}'
                     },
          'key' => 'CanvasFeatures - mixed mRNAs and CDSs',
          'feature' => [
                         'CDS:bare_predicted',
                         'mRNA:exonerate',
                         'mRNA:predicted'
                       ],
          'trackType' => 'CanvasFeatures',
          'compress' => 0,
          'category' => 'Transcripts'
        };
searching for features of type: CDS:bare_predicted, mRNA:exonerate, mRNA:predicted
working on track Transcript
mergedTrackCfg: $VAR1 = {
          'autocomplete' => 'all',
          'track' => 'Transcript',
          'style' => {
                       'className' => 'feature',
                       'color' => '#E32A3A'
                     },
          'description' => 1,
          'key' => 'CanvasFeatures - transcripts',
          'onClick' => '{exampleFeatureClick}',
          'feature' => [
                         'mRNA:exonerate'
                       ],
          'trackType' => 'JBrowse/View/Track/CanvasFeatures',
          'compress' => 0,
          'category' => 'Transcripts',
          'subfeatures' => bless( do{\(my $o = 1)}, 'JSON::PP::Boolean' )
        };
searching for features of type: mRNA:exonerate
working on track Clones
mergedTrackCfg: $VAR1 = {
          'autocomplete' => 'all',
          'track' => 'Clones',
          'style' => {
                       'className' => 'exon'
                     },
          'description' => 1,
          'key' => 'HTMLFeatures - Fingerprinted BACs',
          'feature' => [
                         'BAC'
                       ],
          'compress' => 0,
          'category' => 'Miscellaneous'
        };
searching for features of type: BAC
working on track EST
mergedTrackCfg: $VAR1 = {
          'feature' => [
                         'EST_match:est'
                       ],
          'autocomplete' => 'all',
          'track' => 'EST',
          'style' => {
                       'className' => 'est'
                     },
          'compress' => 0,
          'category' => 'Miscellaneous',
          'key' => 'HTMLFeatures - ESTs'
        };
searching for features of type: EST_match:est

working on refseq ctgB
working on track ExampleFeatures
mergedTrackCfg: $VAR1 = {
          'feature' => [
                         'remark'
                       ],
          'autocomplete' => 'all',
          'track' => 'ExampleFeatures',
          'style' => {
                       'className' => 'feature2'
                     },
          'compress' => 0,
          'category' => 'Miscellaneous',
          'key' => 'HTMLFeatures - Example Features'
        };
searching for features of type: remark
working on track NameTest
mergedTrackCfg: $VAR1 = {
          'feature' => [
                         'protein_coding_primary_transcript',
                         'polypeptide'
                       ],
          'autocomplete' => 'all',
          'track' => 'NameTest',
          'style' => {
                       'className' => 'feature2'
                     },
          'compress' => 0,
          'category' => 'Miscellaneous',
          'key' => 'HTMLFeatures - Name test track has a really long track label'
        };
searching for features of type: protein_coding_primary_transcript, polypeptide
working on track snps
mergedTrackCfg: $VAR1 = {
          'feature' => [
                         'SNP'
                       ],
          'autocomplete' => 'all',
          'track' => 'snps',
          'style' => {
                       'className' => 'triangle hgred'
                     },
          'compress' => 0,
          'category' => 'Miscellaneous',
          'key' => 'HTMLFeatures - SNPs'
        };
searching for features of type: SNP
working on track Motifs
mergedTrackCfg: $VAR1 = {
          'autocomplete' => 'all',
          'track' => 'Motifs',
          'style' => {
                       'className' => 'feature3',
                       'label' => 'function(feature) { return feature.get(\'Name\')+\' (via JS callback)\' }',
                       'description' => 'function(feature) { return feature.get(\'Name\')+\': \'+feature.get(\'Note\'); }'
                     },
          'description' => 1,
          'key' => 'HTMLFeatures - Example motifs',
          'feature' => [
                         'polypeptide_domain'
                       ],
          'compress' => 0,
          'category' => 'Miscellaneous'
        };
searching for features of type: polypeptide_domain
working on track malformed_alignments
mergedTrackCfg: $VAR1 = {
          'autocomplete' => 'all',
          'track' => 'malformed_alignments',
          'style' => {
                       'className' => 'feature4'
                     },
          'menuTemplate' => [
                              {
                                'children' => [
                                                {
                                                  'children' => [
                                                                  {
                                                                    'iconClass' => 'dijitIconBookmark',
                                                                    'url' => 'http://wiki.trin.org.au/{name}-{start}-{end}',
                                                                    'action' => 'newWindow',
                                                                    'label' => 'Query trin for {name}'
                                                                  },
                                                                  {
                                                                    'iconClass' => 'dijitIconSearch',
                                                                    'url' => 'http://example.com/{name}-{start}-{end}',
                                                                    'label' => 'Query example.com for {name}'
                                                                  }
                                                                ],
                                                  'label' => 'Check gene on databases'
                                                },
                                                {
                                                  'label' => '2nd child of demo'
                                                },
                                                {
                                                  'label' => '3rd child: this is a track'
                                                }
                                              ],
                                'label' => 'Item with submenu'
                              },
                              {
                                'iconClass' => 'dijitIconDatabase',
                                'url' => 'http://www.example.com?featurename={name}',
                                'action' => 'iframeDialog',
                                'title' => 'The magnificent example.com (feature {name})',
                                'label' => 'Open example.com in an iframe popup'
                              },
                              {
                                'iconClass' => 'dijitIconDatabase',
                                'url' => 'sample_data/test_snippet.html?featurename={name}:{start}-{end}',
                                'action' => 'xhrDialog',
                                'title' => 'function(track,feature,div) { return \'Random XHR HTML \'+Math.random()+\' title!\'; }',
                                'label' => 'Open popup with XHR HTML snippet (btw this is feature {name})'
                              },
                              {
                                'iconClass' => 'dijitIconDatabase',
                                'content' => 'function(track,feature,div) { return \'<h2>\'+feature.get(\'name\')+\'</h2><p>This is some test content!</p><p>This message brought to you by the number <span style="font-size: 300%">\'+Math.round(Math.random()*100)+\'</span>.</p>\';} ',
                                'action' => 'contentDialog',
                                'title' => 'function(track,feature,div) { return \'Random content snippet \'+Math.random()+\' title!\'; }',
                                'label' => 'Popup with content snippet from a function (feature {name})'
                              },
                              {
                                'iconClass' => 'dijitIconDatabase',
                                'content' => '<h2>{name}</h2><p>This is some test content about {name}, which goes from {start} to {end} on the {strand} strand.</p>',
                                'action' => 'contentDialog',
                                'title' => '{randomNumberTitle}',
                                'label' => 'Popup with content snippet from string (feature {name})'
                              },
                              {
                                'iconClass' => 'dijitIconDatabase',
                                'action' => '{exampleFeatureClick}',
                                'label' => '{randomNumberLabel}'
                              }
                            ],
          'hooks' => {
                       'modify' => 'function( track, feature, div ) { div.style.backgroundColor = [\'green\',\'blue\',\'red\',\'orange\',\'purple\'][Math.round(Math.random()*5)];}'
                     },
          'key' => 'HTMLFeatures - Features with right-click menus',
          'feature' => [
                         'match'
                       ],
          'shortDescription' => 'Features with customized right-click menus',
          'compress' => 0,
          'metadata' => {
                          'category' => 'Miscellaneous',
                          'Description' => 'Features with extensively customized right-click menus, and with their colors set at random by a JavaScript callback.'
                        }
        };
searching for features of type: match
working on track Genes
mergedTrackCfg: $VAR1 = {
          'fmtDetailValue_Name' => 'function(name,feature) { if(feature.get(\'type\')==\'gene\') { return name + \' <a href=http://www.ncbi.nlm.nih.gov/gquery/?term=\'+name+\'>[NCBI custom link]</a>\'; } else { return name; } }',
          'fmtMetaDescription_Name' => 'function(name) { return \'[Custom description]\'; }',
          'fmtMetaValue_Name' => 'function(name) { return name+\' [Track with custom callbacks for About track popup]\'; }',
          'key' => 'CanvasFeatures - Protein-coding genes',
          'onClick' => {
                         'action' => 'defaultDialog',
                         'title' => '{type} {name}',
                         'label' => '<div style=\'font:normal 12px Univers,Helvetica,Arial,sans-serif\'><div style=\'font-weight:bold\'>Custom tooltip</div><div style=\'color:blue;\'>Feature name: {name}<br />Feature start: {start}<br />Feature end: {end}</div></div>'
                       },
          'feature' => [
                         'gene'
                       ],
          'fmtDetailField_Name' => 'function(name,feature) { if(feature.get(\'type\')==\'gene\') { return \'Gene Name\'; } else { return name; } }',
          'fmtMetaField_Name' => 'function(name) { return \'Track Name\'; }',
          'fmtDetailField_Load_id' => 'function(name,feature) { /* remove field from dialog box */ return null; }',
          'category' => 'Transcripts',
          'autocomplete' => 'all',
          'track' => 'Genes',
          'style' => {
                       'className' => 'feature5'
                     },
          'menuTemplate' => [
                              {
                                'label' => 'View details'
                              },
                              {
                                'label' => 'Zoom this gene'
                              },
                              {
                                'label' => 'Highlight this gene'
                              },
                              {
                                'iconClass' => 'dijitIconDatabase',
                                'content' => '<h2>{name}</h2>This is some test content about {type} {name}, which goes from {start} to {end} on the {strand} strand.',
                                'action' => 'contentDialog',
                                'title' => '{randomNumberTitle}',
                                'label' => 'Popup with content snippet from string (feature {name})'
                              }
                            ],
          'trackType' => 'JBrowse/View/Track/CanvasFeatures',
          'compress' => 0
        };
searching for features of type: gene
working on track ReadingFrame
mergedTrackCfg: $VAR1 = {
          'autocomplete' => 'all',
          'track' => 'ReadingFrame',
          'style' => {
                       'className' => 'cds'
                     },
          'key' => 'HTMLFeatures - mRNAs',
          'onClick' => {
                         'url' => 'http://www.ncbi.nlm.nih.gov/gquery/?term={name}',
                         'title' => 'NCBI search box',
                         'label' => 'Search for {name} at NCBI
Feature start {start}
Feature end {end}'
                       },
          'feature' => [
                         'mRNA'
                       ],
          'phase' => 1,
          'compress' => 0,
          'category' => 'Transcripts'
        };
searching for features of type: mRNA
working on track CDS
mergedTrackCfg: $VAR1 = {
          'autocomplete' => 'all',
          'track' => 'CDS',
          'style' => {
                       'className' => 'cds',
                       'linkTemplate' => 'http://www.ncbi.nlm.nih.gov/gquery/?term={name}-{start}-{end}'
                     },
          'key' => 'CanvasFeatures - mixed mRNAs and CDSs',
          'feature' => [
                         'CDS:bare_predicted',
                         'mRNA:exonerate',
                         'mRNA:predicted'
                       ],
          'trackType' => 'CanvasFeatures',
          'compress' => 0,
          'category' => 'Transcripts'
        };
searching for features of type: CDS:bare_predicted, mRNA:exonerate, mRNA:predicted
working on track Transcript
mergedTrackCfg: $VAR1 = {
          'autocomplete' => 'all',
          'track' => 'Transcript',
          'style' => {
                       'className' => 'feature',
                       'color' => '#E32A3A'
                     },
          'description' => 1,
          'key' => 'CanvasFeatures - transcripts',
          'onClick' => '{exampleFeatureClick}',
          'feature' => [
                         'mRNA:exonerate'
                       ],
          'trackType' => 'JBrowse/View/Track/CanvasFeatures',
          'compress' => 0,
          'category' => 'Transcripts',
          'subfeatures' => bless( do{\(my $o = 1)}, 'JSON::PP::Boolean' )
        };
searching for features of type: mRNA:exonerate
working on track Clones
mergedTrackCfg: $VAR1 = {
          'autocomplete' => 'all',
          'track' => 'Clones',
          'style' => {
                       'className' => 'exon'
                     },
          'description' => 1,
          'key' => 'HTMLFeatures - Fingerprinted BACs',
          'feature' => [
                         'BAC'
                       ],
          'compress' => 0,
          'category' => 'Miscellaneous'
        };
searching for features of type: BAC
working on track EST
mergedTrackCfg: $VAR1 = {
          'feature' => [
                         'EST_match:est'
                       ],
          'autocomplete' => 'all',
          'track' => 'EST',
          'style' => {
                       'className' => 'est'
                     },
          'compress' => 0,
          'category' => 'Miscellaneous',
          'key' => 'HTMLFeatures - ESTs'
        };
searching for features of type: EST_match:est
+ cat docs/tutorial/data_files/volvox_microarray.bw.conf
+ cat docs/tutorial/data_files/volvox_sine.bw.conf
+ cat docs/tutorial/data_files/volvox-sorted.bam.conf
+ cat docs/tutorial/data_files/volvox-sorted.bam.coverage.conf
+ cat docs/tutorial/data_files/volvox-paired.bam.conf
+ cat docs/tutorial/data_files/volvox.vcf.conf
+ cat docs/tutorial/data_files/volvox_fromconfig.conf
+ cat docs/tutorial/data_files/volvox.gff3.conf
+ cat docs/tutorial/data_files/volvox.gtf.conf
+ bin/add-json.pl '{ "dataset_id": "volvox", "include": [ "../../raw/volvox/functions.conf" ] }' sample_data/json/volvox/trackList.json
+ bin/add-json.pl '{ "dataset_id": "volvox", "plugins": [ "NeatHTMLFeatures","NeatCanvasFeatures","HideTrackLabels" ] }' sample_data/json/volvox/trackList.json
+ bin/generate-names.pl --safeMode -v --out sample_data/json/volvox
Tracks:
    DNA
    ExampleFeatures
    NameTest
    snps
    Motifs
    malformed_alignments
    Genes
    ReadingFrame
    CDS
    Transcript
    Clones
    EST
    fromconfig
    volvox-sorted-vcf
    volvox-paired_bam
    volvox_sine_density
    volvox_sine_xyplot
    volvox_vcf_test
    volvox_gtf
    volvox-sorted_bam
    volvox_gff3
    volvox-sorted_bam_coverage
    volvox_microarray_bw_xyplot
    volvox_microarray_bw_density
Sampled input stats:
                   avg record text bytes 5272.24316939891
                      name input records 361
        operation stream estimated count 300
           record stream estimated count 75
                     total namerec bytes 1929641
                       total input bytes 396038
                         operations made 1660
                       namerecs buffered 366
        namerecs converted to operations 366
Removing existing contents of target dir sample_data/json/volvox/names
Hash store cache size: 2684 buckets
Using 1 chars for sort log names (16 sort logs)
+ '[' -d sample_data/json/modencode ']'
+ mkdir -p sample_data/json/modencode/tracks
+ ln -sf ../../volvox/tracks/volvox_microarray.wig sample_data/json/modencode/tracks/volvox_microarray.wig
+ mkdir -p sample_data/raw
+ '[' '!' -e sample_data/raw/volvox ']'
+ ln -sf ../../docs/tutorial/conf_files/volvox.json sample_data/raw/
+ touch sample_data/json/volvox/successfully_run
+ rm -rf sample_data/json/yeast/
+ bin/prepare-refseqs.pl --fasta sample_data/raw/yeast_scaffolds/chr1.fa.gz --fasta sample_data/raw/yeast_scaffolds/chr2.fa.gzip --out sample_data/json/yeast/
+ gunzip -c sample_data/raw/yeast_scaffolds/chr1.fa.gz sample_data/raw/yeast_scaffolds/chr2.fa.gzip
+ bin/biodb-to-json.pl --conf sample_data/raw/yeast.json --out sample_data/json/yeast/

working on refseq chrI
working on track Genes
working on track transcript_with_no_features

working on refseq chrII
working on track Genes
working on track transcript_with_no_features
+ bin/add-json.pl '{ "dataset_id": "yeast" }' sample_data/json/yeast/trackList.json
+ bin/add-json.pl '{ "dataset_id": "yeast",  "plugins": [ "NeatHTMLFeatures","NeatCanvasFeatures","HideTrackLabels" ] }' sample_data/json/yeast/trackList.json
+ bin/generate-names.pl --dir sample_data/json/yeast/
+ cd src/wig2png
+ ./configure
checking for g++... g++
checking whether the C++ compiler works... yes
checking for C++ compiler default output file name... a.out
checking for suffix of executables... 
checking whether we are cross compiling... no
checking for suffix of object files... o
checking whether we are using the GNU C++ compiler... yes
checking whether g++ accepts -g... yes
checking for gcc... gcc
checking whether we are using the GNU C compiler... yes
checking whether gcc accepts -g... yes
checking for gcc option to accept ISO C89... none needed
checking whether ln -s works... yes
checking for library containing png_create_write_struct... -lpng
checking how to run the C preprocessor... gcc -E
checking for grep that handles long lines and -e... /bin/grep
checking for egrep... /bin/grep -E
checking for ANSI C header files... yes
checking for sys/wait.h that is POSIX.1 compatible... yes
checking for sys/types.h... yes
checking for sys/stat.h... yes
checking for stdlib.h... yes
checking for string.h... yes
checking for memory.h... yes
checking for strings.h... yes
checking for inttypes.h... yes
checking for stdint.h... yes
checking for unistd.h... yes
checking float.h usability... yes
checking float.h presence... yes
checking for float.h... yes
checking for stdlib.h... (cached) yes
checking for string.h... (cached) yes
checking for unistd.h... (cached) yes
checking png.h usability... yes
checking png.h presence... yes
checking for png.h... yes
checking for stdbool.h that conforms to C99... yes
checking for _Bool... yes
checking for an ANSI C-conforming const... yes
checking for inline... inline
checking for pid_t... yes
checking for C/C++ restrict keyword... __restrict
checking for size_t... yes
checking whether struct tm is in sys/time.h or time.h... time.h
checking for ptrdiff_t... yes
checking vfork.h usability... no
checking vfork.h presence... no
checking for vfork.h... no
checking for fork... yes
checking for vfork... yes
checking for working fork... yes
checking for working vfork... (cached) yes
checking whether lstat correctly handles trailing slash... yes
checking whether lstat accepts an empty string... no
checking whether lstat correctly handles trailing slash... (cached) yes
checking for stdlib.h... (cached) yes
checking for GNU libc compatible malloc... yes
checking for strftime... yes
checking for dup2... yes
checking for floor... yes
checking for memmove... yes
checking for pow... yes
checking for regcomp... yes
checking for sqrt... yes
checking for strchr... yes
checking for strcspn... yes
checking for strrchr... yes
checking for strspn... yes
checking for strstr... yes
configure: creating ./config.status
config.status: creating Makefile
config.status: creating src/config.h
config.status: src/config.h is unchanged
+ make
g++ -g -O2 -include src/config.h -o ../../bin/wig2png src/wig2png.cc src/opts_list.cc  -lpng 
/tmp/ccAVZzIs.o: In function `write_png_file(char const*, int, int, unsigned char**, png_color_struct*, int, int, bool)':
/home/hr/Desktop/LuoJY/DB/JBrowse-1.12.1/src/wig2png/src/functions.c:38: undefined reference to `png_set_longjmp_fn'
collect2: error: ld returned 1 exit status
make: *** [../../bin/wig2png] Error 1
Bio::DB::Sam already installed.
